

Started GET "/" for 127.0.0.1 at 2017-02-09 00:14:23 -0800

Gem::LoadError (Specified 'mysql2' for database adapter, but the gem is not loaded. Add `gem 'mysql2'` to your Gemfile (and ensure its version is at the minimum required by ActiveRecord).):
  activerecord (4.1.8) lib/active_record/connection_adapters/connection_specification.rb:190:in `rescue in spec'
  activerecord (4.1.8) lib/active_record/connection_adapters/connection_specification.rb:187:in `spec'
  activerecord (4.1.8) lib/active_record/connection_handling.rb:50:in `establish_connection'
  activerecord (4.1.8) lib/active_record/railtie.rb:129:in `block (2 levels) in <class:Railtie>'
  activesupport (4.1.8) lib/active_support/lazy_load_hooks.rb:38:in `instance_eval'
  activesupport (4.1.8) lib/active_support/lazy_load_hooks.rb:38:in `execute_hook'
  activesupport (4.1.8) lib/active_support/lazy_load_hooks.rb:45:in `block in run_load_hooks'
  activesupport (4.1.8) lib/active_support/lazy_load_hooks.rb:44:in `each'
  activesupport (4.1.8) lib/active_support/lazy_load_hooks.rb:44:in `run_load_hooks'
  activerecord (4.1.8) lib/active_record/base.rb:326:in `<module:ActiveRecord>'
  activerecord (4.1.8) lib/active_record/base.rb:23:in `<top (required)>'
  activerecord (4.1.8) lib/active_record/connection_adapters/abstract/connection_pool.rb:628:in `rescue in call'
  activerecord (4.1.8) lib/active_record/connection_adapters/abstract/connection_pool.rb:619:in `call'
  activerecord (4.1.8) lib/active_record/migration.rb:380:in `call'
  actionpack (4.1.8) lib/action_dispatch/middleware/callbacks.rb:29:in `block in call'
  activesupport (4.1.8) lib/active_support/callbacks.rb:82:in `run_callbacks'
  actionpack (4.1.8) lib/action_dispatch/middleware/callbacks.rb:27:in `call'
  actionpack (4.1.8) lib/action_dispatch/middleware/reloader.rb:73:in `call'
  actionpack (4.1.8) lib/action_dispatch/middleware/remote_ip.rb:76:in `call'
  actionpack (4.1.8) lib/action_dispatch/middleware/debug_exceptions.rb:17:in `call'
  actionpack (4.1.8) lib/action_dispatch/middleware/show_exceptions.rb:30:in `call'
  railties (4.1.8) lib/rails/rack/logger.rb:38:in `call_app'
  railties (4.1.8) lib/rails/rack/logger.rb:20:in `block in call'
  activesupport (4.1.8) lib/active_support/tagged_logging.rb:68:in `block in tagged'
  activesupport (4.1.8) lib/active_support/tagged_logging.rb:26:in `tagged'
  activesupport (4.1.8) lib/active_support/tagged_logging.rb:68:in `tagged'
  railties (4.1.8) lib/rails/rack/logger.rb:20:in `call'
  actionpack (4.1.8) lib/action_dispatch/middleware/request_id.rb:21:in `call'
  rack (1.5.5) lib/rack/methodoverride.rb:21:in `call'
  rack (1.5.5) lib/rack/runtime.rb:17:in `call'
  activesupport (4.1.8) lib/active_support/cache/strategy/local_cache_middleware.rb:26:in `call'
  rack (1.5.5) lib/rack/lock.rb:17:in `call'
  actionpack (4.1.8) lib/action_dispatch/middleware/static.rb:84:in `call'
  rack (1.5.5) lib/rack/sendfile.rb:112:in `call'
  railties (4.1.8) lib/rails/engine.rb:514:in `call'
  railties (4.1.8) lib/rails/application.rb:144:in `call'
  rack (1.5.5) lib/rack/content_length.rb:14:in `call'
  puma (3.7.0) lib/puma/configuration.rb:226:in `call'
  puma (3.7.0) lib/puma/server.rb:578:in `handle_request'
  puma (3.7.0) lib/puma/server.rb:415:in `process_client'
  puma (3.7.0) lib/puma/server.rb:275:in `block in run'
  puma (3.7.0) lib/puma/thread_pool.rb:120:in `call'
  puma (3.7.0) lib/puma/thread_pool.rb:120:in `block in spawn_thread'


  Rendered /Users/matt/.rvm/gems/ruby-2.1.5/gems/actionpack-4.1.8/lib/action_dispatch/middleware/templates/rescues/_source.erb (1.0ms)
  Rendered /Users/matt/.rvm/gems/ruby-2.1.5/gems/actionpack-4.1.8/lib/action_dispatch/middleware/templates/rescues/_trace.html.erb (3.0ms)
  Rendered /Users/matt/.rvm/gems/ruby-2.1.5/gems/actionpack-4.1.8/lib/action_dispatch/middleware/templates/rescues/_request_and_response.html.erb (1.4ms)
  Rendered /Users/matt/.rvm/gems/ruby-2.1.5/gems/actionpack-4.1.8/lib/action_dispatch/middleware/templates/rescues/diagnostics.erb within rescues/layout (36.1ms)


Started GET "/" for 127.0.0.1 at 2017-02-09 00:18:47 -0800
Processing by Rails::WelcomeController#index as HTML
  Rendered /Users/matt/.rvm/gems/ruby-2.1.5/gems/railties-4.1.8/lib/rails/templates/rails/welcome/index.html.erb (2.2ms)
Completed 200 OK in 24ms (Views: 9.7ms | ActiveRecord: 0.0ms)
